<?xml version="1.0" encoding="UTF-8"?>
<!-- Generated by org.testng.reporters.JUnitXMLReporter -->
<testsuite hostname="dev-Inspiron-3521" name="Second Test" tests="3" failures="0" timestamp="13 Sep 2015 20:36:56 GMT" time="0.017" errors="0">
  <testcase name="login_message_in_wrong_password_test" time="0.001" classname="org.shiftleft.test.selenium.DemoTesting"/>
  <testcase name="login_message_in_wrong_username_test" time="0.001" classname="org.shiftleft.test.selenium.DemoTesting"/>
  <testcase name="login_validation_test" time="0.001" classname="org.shiftleft.test.selenium.DemoTesting"/>
</testsuite> <!-- Second Test -->
